2025-09-09 10:41:49,387 - INFO - Cookie database initialized: cookies.db
2025-09-09 10:41:49,420 - INFO - [31m[1mWARNING: This is a development server. Do not use it in a production deployment. Use a production WSGI server instead.[0m
 * Running on all addresses (0.0.0.0)
 * Running on http://127.0.0.1:8080
 * Running on http://192.168.110.175:8080
2025-09-09 10:41:49,420 - INFO - [33mPress CTRL+C to quit[0m
2025-09-09 10:41:51,550 - INFO - 127.0.0.1 - - [09/Sep/2025 10:41:51] "[36mGET / HTTP/1.1[0m" 304 -
2025-09-09 10:41:51,794 - INFO - 127.0.0.1 - - [09/Sep/2025 10:41:51] "GET /api/status HTTP/1.1" 200 -
2025-09-09 10:41:51,795 - INFO - 127.0.0.1 - - [09/Sep/2025 10:41:51] "GET /api/results HTTP/1.1" 200 -
2025-09-09 10:41:51,796 - INFO - 127.0.0.1 - - [09/Sep/2025 10:41:51] "GET /socket.io/?EIO=4&transport=polling&t=PajscOh HTTP/1.1" 200 -
2025-09-09 10:41:51,797 - INFO - 127.0.0.1 - - [09/Sep/2025 10:41:51] "GET /api/cookies/summary HTTP/1.1" 200 -
2025-09-09 10:41:51,798 - INFO - 127.0.0.1 - - [09/Sep/2025 10:41:51] "GET /api/cookies/stats HTTP/1.1" 200 -
2025-09-09 10:41:51,816 - INFO - Client connected to WebSocket
2025-09-09 10:41:51,816 - INFO - 127.0.0.1 - - [09/Sep/2025 10:41:51] "POST /socket.io/?EIO=4&transport=polling&t=PajscP0&sid=mUpdRDHBH3WwO5bQAAAA HTTP/1.1" 200 -
2025-09-09 10:41:51,816 - INFO - 127.0.0.1 - - [09/Sep/2025 10:41:51] "GET /socket.io/?EIO=4&transport=polling&t=PajscP1&sid=mUpdRDHBH3WwO5bQAAAA HTTP/1.1" 200 -
2025-09-09 10:41:51,820 - INFO - 127.0.0.1 - - [09/Sep/2025 10:41:51] "GET /socket.io/?EIO=4&transport=polling&t=PajscPA&sid=mUpdRDHBH3WwO5bQAAAA HTTP/1.1" 200 -
2025-09-09 10:42:00,727 - INFO - 🍪 Cookie management requested: True
2025-09-09 10:42:00,729 - INFO - Cookie database initialized: cookies.db
2025-09-09 10:42:00,729 - INFO - 2captcha solver initialized with API key: 56d4457439...
2025-09-09 10:42:00,730 - INFO - Cookie management: Enabled
2025-09-09 10:42:00,730 - INFO - 🍪 Bot created with cookie support: True
2025-09-09 10:42:00,730 - INFO - Cookie database initialized: cookies.db
2025-09-09 10:42:00,730 - INFO - Bot runner initialized with cookie management support
2025-09-09 10:42:00,731 - INFO - Starting SEO bot with 1 proxies
2025-09-09 10:42:00,731 - INFO - 127.0.0.1 - - [09/Sep/2025 10:42:00] "POST /api/start HTTP/1.1" 200 -
2025-09-09 10:42:00,731 - INFO - Searching for 'fotmob' on domain 'fotmob.com'
2025-09-09 10:42:00,732 - INFO - Using Google domain: google.com.tr
2025-09-09 10:42:00,732 - INFO - Device profile: Desktop
2025-09-09 10:42:00,732 - INFO - --- Processing proxy 1/1 ---
2025-09-09 10:42:00,732 - INFO - Testing proxy: 204.9.38.125:6446:aawikmkk:tx1f1a2yr843
2025-09-09 10:42:00,732 - INFO - Testing proxy: 204.9.38.125:6446 (with auth)
2025-09-09 10:42:04,517 - INFO - ✓ Proxy 204.9.38.125:6446 (with auth) is working. IP: 204.9.38.125
2025-09-09 10:42:04,517 - INFO - Setting up Kameleo browser with proxy: 204.9.38.125:6446:aawikmkk:tx1f1a2yr843
2025-09-09 10:42:04,517 - INFO - 🔍 Checking for existing cookies for proxy: 204.9.38.125:6446
2025-09-09 10:42:04,520 - INFO - ℹ️ No saved cookies found for proxy: 204.9.38.125:6446
2025-09-09 10:42:04,520 - INFO - Kameleo client initialized on port 5050
2025-09-09 10:42:04,521 - INFO - Loading available Desktop Chrome fingerprints...
2025-09-09 10:42:05,342 - INFO - Loaded 25 unique Chrome fingerprints
2025-09-09 10:42:05,342 - INFO - Creating Kameleo profile with proxy: 204.9.38.125:6446:aawikmkk:tx1f1a2yr843
2025-09-09 10:42:05,343 - INFO - Selected unique fingerprint: ed24e607becccd6403719c6db52a02af18b82b6fce274c78bf026677af130211 (1/25 used)
2025-09-09 10:42:05,343 - INFO - Using authenticated proxy: 204.9.38.125:6446
2025-09-09 10:42:05,435 - INFO - ✓ Kameleo profile created: ea728412-8e3f-47bc-bde2-902ea5f6efcf for proxy 204.9.38.125:6446
2025-09-09 10:42:08,678 - INFO - ✓ Desktop profile started
2025-09-09 10:42:08,678 - INFO - 📂 Loading saved cookies into Kameleo profile...
2025-09-09 10:42:08,680 - INFO - ℹ️ No saved cookies for proxy 204.9.38.125:6446
2025-09-09 10:42:08,680 - INFO - 📂 Cookie loading result: ✅ Success
2025-09-09 10:42:09,381 - INFO - Kameleo browser setup completed successfully
2025-09-09 10:42:09,381 - INFO - Verifying proxy IP...
2025-09-09 10:42:13,588 - INFO - Browser IP (via http://httpbin.org/ip): 204.9.38.125
2025-09-09 10:42:16,744 - INFO - Real IP: 160.178.206.43
2025-09-09 10:42:16,745 - INFO - ✓ Proxy is working correctly - IP is masked
2025-09-09 10:42:16,745 - INFO - Navigating to Google search: https://www.google.com.tr
2025-09-09 10:42:18,117 - INFO - ⏰ Waiting 15 seconds after opening Google search...
2025-09-09 10:42:33,179 - INFO - 🎭 Performing initial Google page interactions...
2025-09-09 10:42:33,181 - INFO - 🎭 Starting Google page interactions...
2025-09-09 10:42:34,460 - INFO - 📜 Scrolling down on Google page...
2025-09-09 10:42:40,575 - INFO - 📜 Scrolling up on Google page...
2025-09-09 10:42:45,465 - INFO - 🖱️ Hovered over Google element: a
2025-09-09 10:42:45,777 - INFO - ✅ Completed Google page interactions
2025-09-09 10:42:45,865 - INFO - Typing keyword: fotmob
2025-09-09 10:42:49,681 - INFO - ✓ Google search completed successfully
2025-09-09 10:42:49,681 - INFO - Looking for domain: fotmob.com
2025-09-09 10:42:49,681 - INFO - 🔍 Searching on page 1
2025-09-09 10:42:49,687 - INFO - 📊 Page 1 has 12 search results
2025-09-09 10:42:49,709 - INFO - 🎯 Found target domain on page 1, local position 1, GLOBAL position 1: https://www.fotmob.com/
2025-09-09 10:42:49,709 - INFO - 📈 Position calculation:  + 1 = 1
2025-09-09 10:42:49,709 - INFO - 🖱️ Hovering over target link...
2025-09-09 10:42:56,230 - INFO - ✨ Completed hovering over target link
2025-09-09 10:43:00,511 - INFO - ✓ Successfully clicked target link using ActionChains
2025-09-09 10:43:03,530 - INFO - ✓ Successfully navigated to target website: https://www.fotmob.com/
2025-09-09 10:43:03,531 - INFO - 🎭 Starting realistic website interaction (60 seconds)
2025-09-09 10:43:03,533 - INFO - 🎭 Starting realistic website interaction (60 seconds)
2025-09-09 10:43:06,553 - INFO - Phase 1: Initial page exploration...
2025-09-09 10:43:07,576 - INFO - Smooth scrolled down 600 pixels
2025-09-09 10:43:11,534 - INFO - Hovered over a element
2025-09-09 10:43:13,474 - INFO - Hovered over button element
2025-09-09 10:43:15,333 - INFO - Hovered over h2 element
2025-09-09 10:43:15,426 - INFO - Hovered over 3 elements
2025-09-09 10:43:15,427 - INFO - Phase 2: Exploring navigation...
2025-09-09 10:43:17,483 - INFO - Clicked navigation link: News
2025-09-09 10:43:20,501 - INFO - Navigated to new page: https://www.fotmob.com/news
2025-09-09 10:43:21,972 - INFO - Smooth scrolled down 400 pixels
2025-09-09 10:43:24,900 - INFO - Hovered over a element
2025-09-09 10:43:26,767 - INFO - Hovered over button element
2025-09-09 10:43:28,603 - INFO - Hovered over h2 element
2025-09-09 10:43:28,672 - INFO - Hovered over 3 elements
2025-09-09 10:43:30,015 - INFO - Smooth scrolled up 200 pixels
2025-09-09 10:43:33,169 - INFO - Returned to previous page
2025-09-09 10:43:33,170 - INFO - Successfully explored 1 navigation pages
2025-09-09 10:43:33,170 - INFO - Phase 3: Content exploration...
2025-09-09 10:43:34,752 - INFO - Smooth scrolled down 800 pixels
2025-09-09 10:43:36,761 - INFO - Phase 4: Final exploration...
2025-09-09 10:43:37,636 - INFO - Smooth scrolled up 138 pixels
2025-09-09 10:43:39,564 - INFO - Smooth scrolled up 139 pixels
2025-09-09 10:43:42,493 - INFO - Smooth scrolled up 198 pixels
2025-09-09 10:43:44,597 - INFO - Smooth scrolled down 237 pixels
2025-09-09 10:43:47,005 - INFO - Smooth scrolled down 178 pixels
2025-09-09 10:43:49,064 - INFO - Smooth scrolled up 160 pixels
2025-09-09 10:43:51,903 - INFO - Smooth scrolled down 176 pixels
2025-09-09 10:43:54,259 - INFO - Smooth scrolled down 177 pixels
2025-09-09 10:43:56,741 - INFO - Smooth scrolled down 181 pixels
2025-09-09 10:43:58,623 - INFO - Smooth scrolled up 183 pixels
2025-09-09 10:44:00,923 - INFO - Smooth scrolled up 172 pixels
2025-09-09 10:44:03,545 - INFO - ✅ Completed realistic interaction session (60.0 seconds)
2025-09-09 10:44:03,546 - INFO - ✅ Successfully visited and interacted with target website
2025-09-09 10:44:03,547 - INFO - ✓ Found domain on page 1, position 1
2025-09-09 10:44:03,556 - INFO - Browser closed
2025-09-09 10:44:03,558 - INFO - 💾 FINAL COOKIE SAVE before closing profile for proxy: 204.9.38.125:6446
2025-09-09 10:44:04,232 - INFO - Kameleo profile ea728412-8e3f-47bc-bde2-902ea5f6efcf stopped
2025-09-09 10:44:04,258 - INFO - 📊 Found 26 cookies in profile to save
2025-09-09 10:44:04,258 - INFO - 🍪 PRINTING ALL COOKIES FOUND BEFORE SAVING:
2025-09-09 10:44:04,258 - INFO - ============================================================
2025-09-09 10:44:04,258 - INFO - Cookie #1:
2025-09-09 10:44:04,258 - INFO -   Name: AEC
2025-09-09 10:44:04,258 - INFO -   Domain: .google.com
2025-09-09 10:44:04,258 - INFO -   Path: /
2025-09-09 10:44:04,258 - INFO -   Value: AVh_V2gjba-FVLpeMO2YQ3xS7TSXRl9O8gRxVBto6Z65MMsQQI...
2025-09-09 10:44:04,258 - INFO -   Secure: True
2025-09-09 10:44:04,258 - INFO -   HttpOnly: True
2025-09-09 10:44:04,258 - INFO -   SameSite: lax
2025-09-09 10:44:04,258 - INFO -   Expires: 1772962937
2025-09-09 10:44:04,259 - INFO - ----------------------------------------
2025-09-09 10:44:04,259 - INFO - Cookie #2:
2025-09-09 10:44:04,259 - INFO -   Name: OTZ
2025-09-09 10:44:04,259 - INFO -   Domain: ogs.google.com
2025-09-09 10:44:04,259 - INFO -   Path: /
2025-09-09 10:44:04,259 - INFO -   Value: 8251783_44_48_123900_44_436380
2025-09-09 10:44:04,259 - INFO -   Secure: True
2025-09-09 10:44:04,259 - INFO -   HttpOnly: False
2025-09-09 10:44:04,259 - INFO -   SameSite: unspecified
2025-09-09 10:44:04,260 - INFO -   Expires: 1760002964
2025-09-09 10:44:04,260 - INFO - ----------------------------------------
2025-09-09 10:44:04,260 - INFO - Cookie #3:
2025-09-09 10:44:04,260 - INFO -   Name: DV
2025-09-09 10:44:04,260 - INFO -   Domain: www.google.com
2025-09-09 10:44:04,260 - INFO -   Path: /
2025-09-09 10:44:04,260 - INFO -   Value: A0-IES5nE3QQUN_AlAKmBhc4X7Tdkhk
2025-09-09 10:44:04,260 - INFO -   Secure: False
2025-09-09 10:44:04,260 - INFO -   HttpOnly: False
2025-09-09 10:44:04,260 - INFO -   SameSite: unspecified
2025-09-09 10:44:04,260 - INFO -   Expires: 1757411569
2025-09-09 10:44:04,260 - INFO - ----------------------------------------
2025-09-09 10:44:04,260 - INFO - Cookie #4:
2025-09-09 10:44:04,260 - INFO -   Name: FCNEC
2025-09-09 10:44:04,260 - INFO -   Domain: .fotmob.com
2025-09-09 10:44:04,261 - INFO -   Path: /
2025-09-09 10:44:04,261 - INFO -   Value: %5B%5B%22AKsRol-HXKio7g6YfFUz8aPIp9HgO8p9QxhwGr_Zg...
2025-09-09 10:44:04,261 - INFO -   Secure: False
2025-09-09 10:44:04,261 - INFO -   HttpOnly: False
2025-09-09 10:44:04,261 - INFO -   SameSite: unspecified
2025-09-09 10:44:04,261 - INFO -   Expires: 1788946980
2025-09-09 10:44:04,261 - INFO - ----------------------------------------
2025-09-09 10:44:04,261 - INFO - Cookie #5:
2025-09-09 10:44:04,261 - INFO -   Name: NID
2025-09-09 10:44:04,261 - INFO -   Domain: .google.com
2025-09-09 10:44:04,261 - INFO -   Path: /
2025-09-09 10:44:04,261 - INFO -   Value: 525=PDjpLGnu5qW_eaJYjyR51rEGRrLVTRnpcw8ILaJfmw15-M...
2025-09-09 10:44:04,261 - INFO -   Secure: True
2025-09-09 10:44:04,261 - INFO -   HttpOnly: True
2025-09-09 10:44:04,261 - INFO -   SameSite: no_restriction
2025-09-09 10:44:04,262 - INFO -   Expires: 1773222137
2025-09-09 10:44:04,262 - INFO - ----------------------------------------
2025-09-09 10:44:04,262 - INFO - Cookie #6:
2025-09-09 10:44:04,262 - INFO -   Name: SNID
2025-09-09 10:44:04,262 - INFO -   Domain: .google.com
2025-09-09 10:44:04,262 - INFO -   Path: /verify
2025-09-09 10:44:04,262 - INFO -   Value: ABablnehkJY5DMWPTk0puWc-D8B7KsGB-UpLdrHLOr14jrhRcO...
2025-09-09 10:44:04,262 - INFO -   Secure: True
2025-09-09 10:44:04,262 - INFO -   HttpOnly: True
2025-09-09 10:44:04,263 - INFO -   SameSite: lax
2025-09-09 10:44:04,263 - INFO -   Expires: 1773222137
2025-09-09 10:44:04,263 - INFO - ----------------------------------------
2025-09-09 10:44:04,263 - INFO - Cookie #7:
2025-09-09 10:44:04,263 - INFO -   Name: __eoi
2025-09-09 10:44:04,264 - INFO -   Domain: .fotmob.com
2025-09-09 10:44:04,264 - INFO -   Path: /
2025-09-09 10:44:04,264 - INFO -   Value: ID=b4b823d63a590156:T=1757410979:RT=1757410979:S=A...
2025-09-09 10:44:04,264 - INFO -   Secure: True
2025-09-09 10:44:04,265 - INFO -   HttpOnly: False
2025-09-09 10:44:04,265 - INFO -   SameSite: no_restriction
2025-09-09 10:44:04,265 - INFO -   Expires: 1772962979
2025-09-09 10:44:04,265 - INFO - ----------------------------------------
2025-09-09 10:44:04,265 - INFO - Cookie #8:
2025-09-09 10:44:04,266 - INFO -   Name: __gads
2025-09-09 10:44:04,266 - INFO -   Domain: .fotmob.com
2025-09-09 10:44:04,266 - INFO -   Path: /
2025-09-09 10:44:04,266 - INFO -   Value: ID=68044ad07cafc221:T=1757410979:RT=1757410979:S=A...
2025-09-09 10:44:04,266 - INFO -   Secure: True
2025-09-09 10:44:04,266 - INFO -   HttpOnly: False
2025-09-09 10:44:04,266 - INFO -   SameSite: no_restriction
2025-09-09 10:44:04,266 - INFO -   Expires: 1791106979
2025-09-09 10:44:04,266 - INFO - ----------------------------------------
2025-09-09 10:44:04,266 - INFO - Cookie #9:
2025-09-09 10:44:04,267 - INFO -   Name: __gpi
2025-09-09 10:44:04,267 - INFO -   Domain: .fotmob.com
2025-09-09 10:44:04,267 - INFO -   Path: /
2025-09-09 10:44:04,267 - INFO -   Value: UID=00001283e9f0df4d:T=1757410979:RT=1757410979:S=...
2025-09-09 10:44:04,267 - INFO -   Secure: True
2025-09-09 10:44:04,267 - INFO -   HttpOnly: False
2025-09-09 10:44:04,267 - INFO -   SameSite: no_restriction
2025-09-09 10:44:04,268 - INFO -   Expires: 1791106979
2025-09-09 10:44:04,268 - INFO - ----------------------------------------
2025-09-09 10:44:04,268 - INFO - Cookie #10:
2025-09-09 10:44:04,268 - INFO -   Name: _cc_dc
2025-09-09 10:44:04,268 - INFO -   Domain: .crwdcntrl.net
2025-09-09 10:44:04,269 - INFO -   Path: /
2025-09-09 10:44:04,269 - INFO -   Value: 2
2025-09-09 10:44:04,269 - INFO -   Secure: True
2025-09-09 10:44:04,269 - INFO -   HttpOnly: False
2025-09-09 10:44:04,269 - INFO -   SameSite: no_restriction
2025-09-09 10:44:04,269 - INFO -   Expires: 1780736760
2025-09-09 10:44:04,269 - INFO - ----------------------------------------
2025-09-09 10:44:04,270 - INFO - Cookie #11:
2025-09-09 10:44:04,270 - INFO -   Name: _cc_id
2025-09-09 10:44:04,270 - INFO -   Domain: .crwdcntrl.net
2025-09-09 10:44:04,270 - INFO -   Path: /
2025-09-09 10:44:04,270 - INFO -   Value: a0f276cdf26dadb6949d0481072ce286
2025-09-09 10:44:04,270 - INFO -   Secure: True
2025-09-09 10:44:04,270 - INFO -   HttpOnly: False
2025-09-09 10:44:04,270 - INFO -   SameSite: no_restriction
2025-09-09 10:44:04,270 - INFO -   Expires: 1780736760
2025-09-09 10:44:04,270 - INFO - ----------------------------------------
2025-09-09 10:44:04,271 - INFO - Cookie #12:
2025-09-09 10:44:04,271 - INFO -   Name: _cc_id
2025-09-09 10:44:04,271 - INFO -   Domain: .fotmob.com
2025-09-09 10:44:04,271 - INFO -   Path: /
2025-09-09 10:44:04,271 - INFO -   Value: a0f276cdf26dadb6949d0481072ce286
2025-09-09 10:44:04,271 - INFO -   Secure: False
2025-09-09 10:44:04,271 - INFO -   HttpOnly: False
2025-09-09 10:44:04,272 - INFO -   SameSite: lax
2025-09-09 10:44:04,272 - INFO -   Expires: 1780738980
2025-09-09 10:44:04,272 - INFO - ----------------------------------------
2025-09-09 10:44:04,272 - INFO - Cookie #13:
2025-09-09 10:44:04,272 - INFO -   Name: _ga
2025-09-09 10:44:04,272 - INFO -   Domain: .fotmob.com
2025-09-09 10:44:04,272 - INFO -   Path: /
2025-09-09 10:44:04,272 - INFO -   Value: GA1.1.1149938144.1757410979
2025-09-09 10:44:04,272 - INFO -   Secure: False
2025-09-09 10:44:04,273 - INFO -   HttpOnly: False
2025-09-09 10:44:04,273 - INFO -   SameSite: unspecified
2025-09-09 10:44:04,273 - INFO -   Expires: 1791970978
2025-09-09 10:44:04,273 - INFO - ----------------------------------------
2025-09-09 10:44:04,273 - INFO - Cookie #14:
2025-09-09 10:44:04,273 - INFO -   Name: _gcl_au
2025-09-09 10:44:04,273 - INFO -   Domain: .fotmob.com
2025-09-09 10:44:04,273 - INFO -   Path: /
2025-09-09 10:44:04,273 - INFO -   Value: 1.1.240490437.1757410979
2025-09-09 10:44:04,274 - INFO -   Secure: False
2025-09-09 10:44:04,274 - INFO -   HttpOnly: False
2025-09-09 10:44:04,274 - INFO -   SameSite: unspecified
2025-09-09 10:44:04,274 - INFO -   Expires: 1765186978
2025-09-09 10:44:04,274 - INFO - ----------------------------------------
2025-09-09 10:44:04,274 - INFO - Cookie #15:
2025-09-09 10:44:04,274 - INFO -   Name: _hjSessionUser_2585474
2025-09-09 10:44:04,275 - INFO -   Domain: .fotmob.com
2025-09-09 10:44:04,275 - INFO -   Path: /
2025-09-09 10:44:04,275 - INFO -   Value: eyJpZCI6IjViZGU2MjdiLTAzYTAtNTZkZi1hNDVmLWNlZTIzMm...
2025-09-09 10:44:04,275 - INFO -   Secure: True
2025-09-09 10:44:04,275 - INFO -   HttpOnly: False
2025-09-09 10:44:04,275 - INFO -   SameSite: no_restriction
2025-09-09 10:44:04,275 - INFO -   Expires: 1788946979
2025-09-09 10:44:04,276 - INFO - ----------------------------------------
2025-09-09 10:44:04,276 - INFO - Cookie #16:
2025-09-09 10:44:04,276 - INFO -   Name: cto_bundle
2025-09-09 10:44:04,276 - INFO -   Domain: .fotmob.com
2025-09-09 10:44:04,276 - INFO -   Path: /
2025-09-09 10:44:04,276 - INFO -   Value: X8S3VF9VMFZsNm5DdjQlMkZuZFFrelVySGpJeGxvZDdPMU96eT...
2025-09-09 10:44:04,276 - INFO -   Secure: False
2025-09-09 10:44:04,276 - INFO -   HttpOnly: False
2025-09-09 10:44:04,277 - INFO -   SameSite: unspecified
2025-09-09 10:44:04,277 - INFO -   Expires: 1791106980
2025-09-09 10:44:04,277 - INFO - ----------------------------------------
2025-09-09 10:44:04,277 - INFO - Cookie #17:
2025-09-09 10:44:04,277 - INFO -   Name: panoramaId
2025-09-09 10:44:04,277 - INFO -   Domain: .fotmob.com
2025-09-09 10:44:04,277 - INFO -   Path: /
2025-09-09 10:44:04,277 - INFO -   Value: b6b7f51f94b448ed9448299d9f8d185ca02ce74eb0201f2a95...
2025-09-09 10:44:04,278 - INFO -   Secure: False
2025-09-09 10:44:04,278 - INFO -   HttpOnly: False
2025-09-09 10:44:04,278 - INFO -   SameSite: lax
2025-09-09 10:44:04,278 - INFO -   Expires: 1758015780
2025-09-09 10:44:04,278 - INFO - ----------------------------------------
2025-09-09 10:44:04,278 - INFO - Cookie #18:
2025-09-09 10:44:04,279 - INFO -   Name: panoramaIdType
2025-09-09 10:44:04,279 - INFO -   Domain: .fotmob.com
2025-09-09 10:44:04,279 - INFO -   Path: /
2025-09-09 10:44:04,279 - INFO -   Value: panoDevice
2025-09-09 10:44:04,279 - INFO -   Secure: False
2025-09-09 10:44:04,279 - INFO -   HttpOnly: False
2025-09-09 10:44:04,279 - INFO -   SameSite: lax
2025-09-09 10:44:04,280 - INFO -   Expires: 1758015780
2025-09-09 10:44:04,280 - INFO - ----------------------------------------
2025-09-09 10:44:04,280 - INFO - Cookie #19:
2025-09-09 10:44:04,280 - INFO -   Name: panoramaId_expiry
2025-09-09 10:44:04,280 - INFO -   Domain: .fotmob.com
2025-09-09 10:44:04,280 - INFO -   Path: /
2025-09-09 10:44:04,280 - INFO -   Value: 1758015780712
2025-09-09 10:44:04,281 - INFO -   Secure: False
2025-09-09 10:44:04,281 - INFO -   HttpOnly: False
2025-09-09 10:44:04,281 - INFO -   SameSite: lax
2025-09-09 10:44:04,281 - INFO -   Expires: 1758015780
2025-09-09 10:44:04,281 - INFO - ----------------------------------------
2025-09-09 10:44:04,281 - INFO - Cookie #20:
2025-09-09 10:44:04,281 - INFO -   Name: u:location
2025-09-09 10:44:04,281 - INFO -   Domain: www.fotmob.com
2025-09-09 10:44:04,281 - INFO -   Path: /
2025-09-09 10:44:04,281 - INFO -   Value: %7B%22countryCode%22%3A%22TR%22%2C%22regionId%22%3...
2025-09-09 10:44:04,282 - INFO -   Secure: False
2025-09-09 10:44:04,282 - INFO -   HttpOnly: False
2025-09-09 10:44:04,282 - INFO -   SameSite: unspecified
2025-09-09 10:44:04,282 - INFO -   Expires: 1757497378
2025-09-09 10:44:04,282 - INFO - ----------------------------------------
2025-09-09 10:44:04,282 - INFO - Cookie #21:
2025-09-09 10:44:04,282 - INFO -   Name: uid
2025-09-09 10:44:04,282 - INFO -   Domain: .criteo.com
2025-09-09 10:44:04,282 - INFO -   Path: /
2025-09-09 10:44:04,283 - INFO -   Value: 0b0d00d4-d3cf-4559-83f5-9ce617809a95
2025-09-09 10:44:04,283 - INFO -   Secure: True
2025-09-09 10:44:04,283 - INFO -   HttpOnly: False
2025-09-09 10:44:04,283 - INFO -   SameSite: no_restriction
2025-09-09 10:44:04,283 - INFO -   Expires: 1791106979
2025-09-09 10:44:04,283 - INFO - ----------------------------------------
2025-09-09 10:44:04,283 - INFO - Cookie #22:
2025-09-09 10:44:04,283 - INFO -   Name: uid
2025-09-09 10:44:04,284 - INFO -   Domain: lwadm.com
2025-09-09 10:44:04,284 - INFO -   Path: /
2025-09-09 10:44:04,284 - INFO -   Value: 45ce186648ce4df18218ea61b05802d7
2025-09-09 10:44:04,284 - INFO -   Secure: True
2025-09-09 10:44:04,284 - INFO -   HttpOnly: False
2025-09-09 10:44:04,284 - INFO -   SameSite: no_restriction
2025-09-09 10:44:04,284 - INFO -   Expires: 1760002978
2025-09-09 10:44:04,284 - INFO - ----------------------------------------
2025-09-09 10:44:04,284 - INFO - Cookie #23:
2025-09-09 10:44:04,284 - INFO -   Name: cto_bundle
2025-09-09 10:44:04,284 - INFO -   Domain: .criteo.com
2025-09-09 10:44:04,285 - INFO -   Path: /
2025-09-09 10:44:04,285 - INFO -   Value: VPa9FV81NHFxVEZtZmdiN0glMkZNYnVXZFY1MEtISjR4TklIaT...
2025-09-09 10:44:04,285 - INFO -   Secure: True
2025-09-09 10:44:04,285 - INFO -   HttpOnly: False
2025-09-09 10:44:04,285 - INFO -   SameSite: no_restriction
2025-09-09 10:44:04,285 - INFO -   Expires: 1791106981
2025-09-09 10:44:04,285 - INFO - ----------------------------------------
2025-09-09 10:44:04,285 - INFO - Cookie #24:
2025-09-09 10:44:04,285 - INFO -   Name: IDE
2025-09-09 10:44:04,285 - INFO -   Domain: .doubleclick.net
2025-09-09 10:44:04,285 - INFO -   Path: /
2025-09-09 10:44:04,285 - INFO -   Value: AHWqTUlZLAuD5GeWUb26FBzZf_UxeXa33rJRj0FgFvvyZNxy-D...
2025-09-09 10:44:04,286 - INFO -   Secure: True
2025-09-09 10:44:04,286 - INFO -   HttpOnly: True
2025-09-09 10:44:04,286 - INFO -   SameSite: no_restriction
2025-09-09 10:44:04,286 - INFO -   Expires: 1791970998
2025-09-09 10:44:04,286 - INFO - ----------------------------------------
2025-09-09 10:44:04,286 - INFO - Cookie #25:
2025-09-09 10:44:04,286 - INFO -   Name: _ga_G0V1WDW9B2
2025-09-09 10:44:04,286 - INFO -   Domain: .fotmob.com
2025-09-09 10:44:04,286 - INFO -   Path: /
2025-09-09 10:44:04,286 - INFO -   Value: GS2.1.s1757410978$o1$g1$t1757411012$j26$l0$h683605...
2025-09-09 10:44:04,286 - INFO -   Secure: False
2025-09-09 10:44:04,286 - INFO -   HttpOnly: False
2025-09-09 10:44:04,286 - INFO -   SameSite: unspecified
2025-09-09 10:44:04,286 - INFO -   Expires: 1791971012
2025-09-09 10:44:04,287 - INFO - ----------------------------------------
2025-09-09 10:44:04,287 - INFO - Cookie #26:
2025-09-09 10:44:04,287 - INFO -   Name: _hjSession_2585474
2025-09-09 10:44:04,287 - INFO -   Domain: .fotmob.com
2025-09-09 10:44:04,287 - INFO -   Path: /
2025-09-09 10:44:04,287 - INFO -   Value: eyJpZCI6IjhiNDk1NWJiLWMzN2ItNDY4Ny05YmJkLTI3NWI5ZT...
2025-09-09 10:44:04,287 - INFO -   Secure: True
2025-09-09 10:44:04,287 - INFO -   HttpOnly: False
2025-09-09 10:44:04,287 - INFO -   SameSite: no_restriction
2025-09-09 10:44:04,287 - INFO -   Expires: 1757412816
2025-09-09 10:44:04,287 - INFO - ----------------------------------------
2025-09-09 10:44:04,288 - INFO - ============================================================
2025-09-09 10:44:04,288 - INFO - 📊 Cookie Summary:
2025-09-09 10:44:04,288 - INFO -    Total found: 26
2025-09-09 10:44:04,288 - INFO -    Valid: 26
2025-09-09 10:44:04,288 - INFO -    Invalid: 0
2025-09-09 10:44:04,288 - INFO - 💾 Saving 26 valid cookies to database...
2025-09-09 10:44:04,288 - INFO - 💾 Attempting to save 26 cookies for proxy: 204.9.38.125:6446
2025-09-09 10:44:04,293 - INFO - ✅ Successfully saved 26 cookies for proxy: 204.9.38.125:6446
2025-09-09 10:44:04,293 - INFO - ✅ SUCCESSFULLY SAVED 26 cookies for proxy 204.9.38.125:6446
2025-09-09 10:44:04,293 - INFO - 📋 Saved cookies:
2025-09-09 10:44:04,293 - INFO -    ✓ AEC (.google.com)
2025-09-09 10:44:04,293 - INFO -    ✓ OTZ (ogs.google.com)
2025-09-09 10:44:04,293 - INFO -    ✓ DV (www.google.com)
2025-09-09 10:44:04,293 - INFO -    ✓ FCNEC (.fotmob.com)
2025-09-09 10:44:04,294 - INFO -    ✓ NID (.google.com)
2025-09-09 10:44:04,294 - INFO -    ✓ SNID (.google.com)
2025-09-09 10:44:04,294 - INFO -    ✓ __eoi (.fotmob.com)
2025-09-09 10:44:04,294 - INFO -    ✓ __gads (.fotmob.com)
2025-09-09 10:44:04,294 - INFO -    ✓ __gpi (.fotmob.com)
2025-09-09 10:44:04,294 - INFO -    ✓ _cc_dc (.crwdcntrl.net)
2025-09-09 10:44:04,294 - INFO -    ✓ _cc_id (.crwdcntrl.net)
2025-09-09 10:44:04,294 - INFO -    ✓ _cc_id (.fotmob.com)
2025-09-09 10:44:04,294 - INFO -    ✓ _ga (.fotmob.com)
2025-09-09 10:44:04,294 - INFO -    ✓ _gcl_au (.fotmob.com)
2025-09-09 10:44:04,295 - INFO -    ✓ _hjSessionUser_2585474 (.fotmob.com)
2025-09-09 10:44:04,295 - INFO -    ✓ cto_bundle (.fotmob.com)
2025-09-09 10:44:04,295 - INFO -    ✓ panoramaId (.fotmob.com)
2025-09-09 10:44:04,295 - INFO -    ✓ panoramaIdType (.fotmob.com)
2025-09-09 10:44:04,295 - INFO -    ✓ panoramaId_expiry (.fotmob.com)
2025-09-09 10:44:04,295 - INFO -    ✓ u:location (www.fotmob.com)
2025-09-09 10:44:04,295 - INFO -    ✓ uid (.criteo.com)
2025-09-09 10:44:04,295 - INFO -    ✓ uid (lwadm.com)
2025-09-09 10:44:04,295 - INFO -    ✓ cto_bundle (.criteo.com)
2025-09-09 10:44:04,295 - INFO -    ✓ IDE (.doubleclick.net)
2025-09-09 10:44:04,295 - INFO -    ✓ _ga_G0V1WDW9B2 (.fotmob.com)
2025-09-09 10:44:04,295 - INFO -    ✓ _hjSession_2585474 (.fotmob.com)
2025-09-09 10:44:04,308 - INFO - Kameleo profile ea728412-8e3f-47bc-bde2-902ea5f6efcf deleted
2025-09-09 10:44:04,308 - INFO - ✓ Proxy 204.9.38.125:6446:aawikmkk:tx1f1a2yr843 completed successfully
2025-09-09 10:44:04,309 - INFO - ==================================================
2025-09-09 10:44:04,309 - INFO - FINAL RESULTS:
2025-09-09 10:44:04,309 - INFO - Total proxies tested: 1
2025-09-09 10:44:04,309 - INFO - Successful runs: 1
2025-09-09 10:44:04,309 - INFO - Failed runs: 0
2025-09-09 10:44:04,309 - INFO - ==================================================
2025-09-09 10:45:47,914 - INFO - 🍪 Cookie management requested: True
2025-09-09 10:45:47,916 - INFO - Cookie database initialized: cookies.db
2025-09-09 10:45:47,916 - INFO - 2captcha solver initialized with API key: 56d4457439...
2025-09-09 10:45:47,917 - INFO - Cookie management: Enabled
2025-09-09 10:45:47,917 - INFO - 🍪 Bot created with cookie support: True
2025-09-09 10:45:47,918 - INFO - Cookie database initialized: cookies.db
2025-09-09 10:45:47,918 - INFO - Bot runner initialized with cookie management support
2025-09-09 10:45:47,918 - INFO - Starting SEO bot with 1 proxies
2025-09-09 10:45:47,918 - INFO - Searching for 'Live Football Scores & Results Today' on domain 'lescore.net'
2025-09-09 10:45:47,918 - INFO - Using Google domain: google.com.tr
2025-09-09 10:45:47,918 - INFO - Device profile: Desktop
2025-09-09 10:45:47,919 - INFO - 127.0.0.1 - - [09/Sep/2025 10:45:47] "POST /api/start HTTP/1.1" 200 -
2025-09-09 10:45:47,919 - INFO - --- Processing proxy 1/1 ---
2025-09-09 10:45:47,920 - INFO - Testing proxy: 204.9.38.125:6446:aawikmkk:tx1f1a2yr843
2025-09-09 10:45:47,920 - INFO - Testing proxy: 204.9.38.125:6446 (with auth)
2025-09-09 10:45:49,188 - INFO - ✓ Proxy 204.9.38.125:6446 (with auth) is working. IP: 204.9.38.125
2025-09-09 10:45:49,189 - INFO - Setting up Kameleo browser with proxy: 204.9.38.125:6446:aawikmkk:tx1f1a2yr843
2025-09-09 10:45:49,189 - INFO - 🔍 Checking for existing cookies for proxy: 204.9.38.125:6446
2025-09-09 10:45:49,192 - INFO - ✓ Loaded 26 valid cookies for proxy: 204.9.38.125:6446
2025-09-09 10:45:49,192 - INFO - ✅ Found 26 saved cookies for this proxy
2025-09-09 10:45:49,193 - INFO - Kameleo client initialized on port 5050
2025-09-09 10:45:49,193 - INFO - Loading available Desktop Chrome fingerprints...
2025-09-09 10:45:50,015 - INFO - Loaded 25 unique Chrome fingerprints
2025-09-09 10:45:50,016 - INFO - Creating Kameleo profile with proxy: 204.9.38.125:6446:aawikmkk:tx1f1a2yr843
2025-09-09 10:45:50,017 - INFO - Selected unique fingerprint: 266feee93b0cc266edc5a236b73a35dd1fe59699267a46d99154544c80b105c7 (1/25 used)
2025-09-09 10:45:50,017 - INFO - Using authenticated proxy: 204.9.38.125:6446
2025-09-09 10:45:50,130 - INFO - ✓ Kameleo profile created: 643794df-268d-4aba-91a8-c445f627bed8 for proxy 204.9.38.125:6446
2025-09-09 10:45:54,015 - INFO - ✓ Desktop profile started
2025-09-09 10:45:54,016 - INFO - 📂 Loading saved cookies into Kameleo profile...
2025-09-09 10:45:54,016 - INFO - ✓ Loaded 26 valid cookies for proxy: 204.9.38.125:6446
2025-09-09 10:45:54,024 - ERROR - ❌ Failed to load cookies into profile: (409)
Reason: Conflict
HTTP response headers: HTTPHeaderDict({'Content-Type': 'application/json; charset=utf-8', 'Date': 'Tue, 09 Sep 2025 09:45:53 GMT', 'Transfer-Encoding': 'chunked'})
HTTP response body: code=409 error={'SEO Bot Profile - 204.9.38.125:6446': ['Profile is running']}

2025-09-09 10:45:54,025 - INFO - 📂 Cookie loading result: ❌ Failed
2025-09-09 10:45:54,382 - INFO - Kameleo browser setup completed successfully
2025-09-09 10:45:54,383 - INFO - Verifying proxy IP...
2025-09-09 10:45:59,893 - INFO - Browser IP (via http://httpbin.org/ip): 204.9.38.125
2025-09-09 10:46:00,756 - INFO - Real IP: 160.178.206.43
2025-09-09 10:46:00,757 - INFO - ✓ Proxy is working correctly - IP is masked
2025-09-09 10:46:00,757 - INFO - Navigating to Google search: https://www.google.com.tr
2025-09-09 10:46:06,705 - INFO - ⏰ Waiting 15 seconds after opening Google search...
2025-09-09 10:46:06,705 - WARNING - Connection pool is full, discarding connection: localhost. Connection pool size: 1
2025-09-09 10:46:06,705 - ERROR - Google search failed
2025-09-09 10:46:06,706 - INFO - Browser closed
2025-09-09 10:46:06,706 - INFO - 💾 FINAL COOKIE SAVE before closing profile for proxy: 204.9.38.125:6446
2025-09-09 10:46:06,710 - INFO - Browser closed
2025-09-09 10:46:06,710 - INFO - 💾 FINAL COOKIE SAVE before closing profile for proxy: 204.9.38.125:6446
2025-09-09 10:46:06,714 - ERROR - ❌ CRITICAL ERROR saving cookies: (409)
Reason: Conflict
HTTP response headers: HTTPHeaderDict({'Content-Type': 'application/json; charset=utf-8', 'Date': 'Tue, 09 Sep 2025 09:46:06 GMT', 'Transfer-Encoding': 'chunked'})
HTTP response body: code=409 error={'SEO Bot Profile - 204.9.38.125:6446': ['Profile not running']}

2025-09-09 10:46:06,725 - ERROR - Traceback: Traceback (most recent call last):
  File "/Users/MAC/Documents/Work/Ozgur/Social Bots/SEO/seo-python v3/bot_kameleo.py", line 1450, in close_browser
    self.kameleo_client.profile.stop_profile(self.current_profile.id)
    ~~~~~~~~~~~~~~~~~~~~~~~~~~~~~~~~~~~~~~~~^^^^^^^^^^^^^^^^^^^^^^^^^
  File "/Users/MAC/Documents/Work/Ozgur/Social Bots/SEO/seo-python v3/venv/lib/python3.13/site-packages/pydantic/_internal/_validate_call.py", line 39, in wrapper_function
    return wrapper(*args, **kwargs)
  File "/Users/MAC/Documents/Work/Ozgur/Social Bots/SEO/seo-python v3/venv/lib/python3.13/site-packages/pydantic/_internal/_validate_call.py", line 136, in __call__
    res = self.__pydantic_validator__.validate_python(pydantic_core.ArgsKwargs(args, kwargs))
  File "/Users/MAC/Documents/Work/Ozgur/Social Bots/SEO/seo-python v3/venv/lib/python3.13/site-packages/kameleo/local_api_client/api/profile_api.py", line 2542, in stop_profile
    return self.api_client.response_deserialize(
           ~~~~~~~~~~~~~~~~~~~~~~~~~~~~~~~~~~~~^
        response_data=response_data,
        ^^^^^^^^^^^^^^^^^^^^^^^^^^^^
        response_types_map=_response_types_map,
        ^^^^^^^^^^^^^^^^^^^^^^^^^^^^^^^^^^^^^^^
    ).data
    ^
  File "/Users/MAC/Documents/Work/Ozgur/Social Bots/SEO/seo-python v3/venv/lib/python3.13/site-packages/kameleo/local_api_client/api_client.py", line 322, in response_deserialize
    raise ApiException.from_response(
          ~~~~~~~~~~~~~~~~~~~~~~~~~~^
        http_resp=response_data,
        ^^^^^^^^^^^^^^^^^^^^^^^^
        body=response_text,
        ^^^^^^^^^^^^^^^^^^^
        data=return_data,
        ^^^^^^^^^^^^^^^^^
    )
    ^
  File "/Users/MAC/Documents/Work/Ozgur/Social Bots/SEO/seo-python v3/venv/lib/python3.13/site-packages/kameleo/local_api_client/exceptions.py", line 155, in from_response
    raise ConflictException(http_resp=http_resp, body=body, data=data)
kameleo.local_api_client.exceptions.ConflictException: (409)
Reason: Conflict
HTTP response headers: HTTPHeaderDict({'Content-Type': 'application/json; charset=utf-8', 'Date': 'Tue, 09 Sep 2025 09:46:06 GMT', 'Transfer-Encoding': 'chunked'})
HTTP response body: code=409 error={'SEO Bot Profile - 204.9.38.125:6446': ['Profile not running']}


2025-09-09 10:46:06,727 - WARNING - Failed to delete profile after cookie error: (409)
Reason: Conflict
HTTP response headers: HTTPHeaderDict({'Content-Type': 'application/json; charset=utf-8', 'Date': 'Tue, 09 Sep 2025 09:46:06 GMT', 'Transfer-Encoding': 'chunked'})
HTTP response body: code=409 error={'SEO Bot Profile - 204.9.38.125:6446': ['Profile is running']}

2025-09-09 10:46:06,727 - ERROR - ✗ Proxy 204.9.38.125:6446:aawikmkk:tx1f1a2yr843 failed
2025-09-09 10:46:06,728 - INFO - ==================================================
2025-09-09 10:46:06,728 - INFO - FINAL RESULTS:
2025-09-09 10:46:06,728 - INFO - Total proxies tested: 1
2025-09-09 10:46:06,728 - INFO - Successful runs: 0
2025-09-09 10:46:06,728 - INFO - Failed runs: 1
2025-09-09 10:46:06,728 - INFO - ==================================================
2025-09-09 10:46:06,829 - ERROR - ❌ CRITICAL ERROR saving cookies: 'NoneType' object has no attribute 'id'
2025-09-09 10:46:06,830 - ERROR - Traceback: Traceback (most recent call last):
  File "/Users/MAC/Documents/Work/Ozgur/Social Bots/SEO/seo-python v3/bot_kameleo.py", line 1451, in close_browser
    logger.info(f"Kameleo profile {self.current_profile.id} stopped")
                                   ^^^^^^^^^^^^^^^^^^^^^^^
AttributeError: 'NoneType' object has no attribute 'id'

2025-09-09 10:46:06,830 - INFO - Bot stopped by user
2025-09-09 10:46:06,830 - INFO - 127.0.0.1 - - [09/Sep/2025 10:46:06] "POST /api/stop HTTP/1.1" 200 -
